<?xml version="1.0" encoding="UTF-8"?>
<testng-results ignored="0" total="1" passed="1" failed="0" skipped="0">
  <reporter-output>
  </reporter-output>
  <suite started-at="2025-08-13T19:52:59 IST" name="Default suite" finished-at="2025-08-13T19:53:12 IST" duration-ms="13552">
    <groups>
    </groups>
    <test started-at="2025-08-13T19:52:59 IST" name="Default test" finished-at="2025-08-13T19:53:12 IST" duration-ms="13552">
      <class name="framework.testscripts.SearchProductandTitle">
        <test-method is-config="true" signature="setUP()[pri:0, instance:framework.testscripts.SearchProductandTitle@14028087]" started-at="2025-08-13T19:52:59 IST" name="setUP" finished-at="2025-08-13T19:53:05 IST" duration-ms="5747" status="PASS">
          <reporter-output>
          </reporter-output>
        </test-method> <!-- setUP -->
        <test-method signature="testProductSearchandTitle()[pri:0, instance:framework.testscripts.SearchProductandTitle@14028087]" started-at="2025-08-13T19:53:05 IST" name="testProductSearchandTitle" finished-at="2025-08-13T19:53:12 IST" duration-ms="7746" status="PASS">
          <reporter-output>
          </reporter-output>
        </test-method> <!-- testProductSearchandTitle -->
        <test-method is-config="true" signature="tearDownBrowser()[pri:0, instance:framework.testscripts.SearchProductandTitle@14028087]" started-at="2025-08-13T19:53:12 IST" name="tearDownBrowser" finished-at="2025-08-13T19:53:13 IST" duration-ms="348" status="PASS">
          <reporter-output>
          </reporter-output>
        </test-method> <!-- tearDownBrowser -->
      </class> <!-- framework.testscripts.SearchProductandTitle -->
    </test> <!-- Default test -->
  </suite> <!-- Default suite -->
</testng-results>
