<?xml version="1.0" encoding="UTF-8"?>
<testng-results ignored="0" total="1" passed="1" failed="0" skipped="0">
  <reporter-output>
  </reporter-output>
  <suite started-at="2025-09-13T20:01:48 IST" name="Default suite" finished-at="2025-09-13T20:02:02 IST" duration-ms="14217">
    <groups>
    </groups>
    <test started-at="2025-09-13T20:01:48 IST" name="Default test" finished-at="2025-09-13T20:02:02 IST" duration-ms="14217">
      <class name="framework.testscripts.SpiceJtDatePicker">
        <test-method is-config="true" signature="setUp()[pri:0, instance:framework.testscripts.SpiceJtDatePicker@592e843a]" started-at="2025-09-13T20:01:48 IST" name="setUp" finished-at="2025-09-13T20:01:58 IST" duration-ms="9925" status="PASS">
          <reporter-output>
          </reporter-output>
        </test-method> <!-- setUp -->
        <test-method signature="testSpicejtDatePicker()[pri:0, instance:framework.testscripts.SpiceJtDatePicker@592e843a]" started-at="2025-09-13T20:01:58 IST" name="testSpicejtDatePicker" finished-at="2025-09-13T20:02:02 IST" duration-ms="4240" status="PASS">
          <reporter-output>
          </reporter-output>
        </test-method> <!-- testSpicejtDatePicker -->
        <test-method is-config="true" signature="tearDownBrowser()[pri:0, instance:framework.testscripts.SpiceJtDatePicker@592e843a]" started-at="2025-09-13T20:02:02 IST" name="tearDownBrowser" finished-at="2025-09-13T20:02:02 IST" duration-ms="332" status="PASS">
          <reporter-output>
          </reporter-output>
        </test-method> <!-- tearDownBrowser -->
      </class> <!-- framework.testscripts.SpiceJtDatePicker -->
    </test> <!-- Default test -->
  </suite> <!-- Default suite -->
</testng-results>
