<?xml version="1.0" encoding="UTF-8"?>
<!-- Generated by org.testng.reporters.JUnitReportReporter -->
<testsuite hostname="Vineela" failures="0" tests="6" name="practicExtnReprt.NewExtentTest" time="0.021" errors="0" timestamp="2025-09-03T20:31:42 IST" skipped="0">
  <testcase classname="practicExtnReprt.NewExtentTest" name="f3" time="0.002"/>
  <testcase classname="practicExtnReprt.NewExtentTest" name="f1" time="0.013"/>
  <testcase classname="practicExtnReprt.NewExtentTest" name="f2" time="0.001"/>
  <testcase classname="practicExtnReprt.NewExtentTest" name="f4" time="0.001"/>
  <testcase classname="practicExtnReprt.NewExtentTest" name="f6" time="0.001"/>
  <testcase classname="practicExtnReprt.NewExtentTest" name="f5" time="0.003"/>
</testsuite> <!-- practicExtnReprt.NewExtentTest -->
