<?xml version="1.0" encoding="UTF-8"?>
<!-- Generated by org.testng.reporters.JUnitReportReporter -->
<testsuite hostname="Vineela" failures="0" tests="2" name="practicExtnReprt.SimpleExtentReport1" time="3.411" errors="0" timestamp="2025-09-03T19:58:00 IST" skipped="0">
  <testcase classname="practicExtnReprt.SimpleExtentReport1" name="validateTitle" time="0.011"/>
  <testcase classname="practicExtnReprt.SimpleExtentReport1" name="gmailNavigate" time="3.400"/>
</testsuite> <!-- practicExtnReprt.SimpleExtentReport1 -->
