<?xml version="1.0" encoding="UTF-8"?>
<!-- Generated by org.testng.reporters.JUnitReportReporter -->
<testsuite hostname="Vineela" failures="0" tests="2" name="practicExtnReprt.SearchTestCase" time="10.268" errors="0" timestamp="2025-09-10T13:08:38 IST" skipped="0">
  <testcase classname="practicExtnReprt.SearchTestCase" name="TestCase_001" time="0.054"/>
  <testcase classname="practicExtnReprt.SearchTestCase" name="testCase_002" time="10.214"/>
</testsuite> <!-- practicExtnReprt.SearchTestCase -->
